INFO: [VRFC 10-2263] Analyzing Verilog file "C:/Users/James/HDL_Project/HDL_Project.srcs/sources_1/new/add_module.v" into library xil_defaultlib
INFO: [VRFC 10-311] analyzing module add_module
INFO: [VRFC 10-2263] Analyzing Verilog file "C:/Users/James/HDL_Project/HDL_Project.srcs/sources_1/new/alu_module.v" into library xil_defaultlib
INFO: [VRFC 10-311] analyzing module alu_module
INFO: [VRFC 10-2263] Analyzing Verilog file "C:/Users/James/HDL_Project/HDL_Project.srcs/sources_1/new/and_module.v" into library xil_defaultlib
INFO: [VRFC 10-311] analyzing module and_module
INFO: [VRFC 10-2263] Analyzing Verilog file "C:/Users/James/HDL_Project/HDL_Project.srcs/sources_1/new/dec_module.v" into library xil_defaultlib
INFO: [VRFC 10-311] analyzing module dec_module
INFO: [VRFC 10-2263] Analyzing Verilog file "C:/Users/James/HDL_Project/HDL_Project.srcs/sources_1/new/inc_module.v" into library xil_defaultlib
INFO: [VRFC 10-311] analyzing module inc_module
INFO: [VRFC 10-2263] Analyzing Verilog file "C:/Users/James/HDL_Project/HDL_Project.srcs/sources_1/new/not_module.v" into library xil_defaultlib
INFO: [VRFC 10-311] analyzing module not_module
INFO: [VRFC 10-2263] Analyzing Verilog file "C:/Users/James/HDL_Project/HDL_Project.srcs/sources_1/new/or_module.v" into library xil_defaultlib
INFO: [VRFC 10-311] analyzing module or_module
INFO: [VRFC 10-2263] Analyzing Verilog file "C:/Users/James/HDL_Project/HDL_Project.srcs/sources_1/new/shl_module.v" into library xil_defaultlib
INFO: [VRFC 10-311] analyzing module shl_module
INFO: [VRFC 10-2263] Analyzing Verilog file "C:/Users/James/HDL_Project/HDL_Project.srcs/sources_1/new/shr_module.v" into library xil_defaultlib
INFO: [VRFC 10-311] analyzing module shr_module
INFO: [VRFC 10-2263] Analyzing Verilog file "C:/Users/James/HDL_Project/HDL_Project.srcs/sources_1/new/subtract_module.v" into library xil_defaultlib
INFO: [VRFC 10-311] analyzing module subtract_module
INFO: [VRFC 10-2263] Analyzing Verilog file "C:/Users/James/HDL_Project/HDL_Project.srcs/sources_1/new/xor_module.v" into library xil_defaultlib
INFO: [VRFC 10-311] analyzing module xor_module
INFO: [VRFC 10-2263] Analyzing Verilog file "C:/Users/James/HDL_Project/HDL_Project.srcs/sim_1/new/alu_tb.v" into library xil_defaultlib
INFO: [VRFC 10-311] analyzing module alu_tb
